<?xml version="1.0" encoding="UTF-8"?>
<testng-results ignored="0" total="1" passed="1" failed="0" skipped="0">
  <reporter-output>
  </reporter-output>
  <suite started-at="2026-01-20T14:23:04 IST" name="Surefire suite" finished-at="2026-01-20T14:23:04 IST" duration-ms="36">
    <groups>
    </groups>
    <test started-at="2026-01-20T14:23:04 IST" name="Surefire test" finished-at="2026-01-20T14:23:04 IST" duration-ms="36">
      <class name="MavenArtifact101.LoginTest">
        <test-method signature="login()[pri:0, instance:MavenArtifact101.LoginTest@b62fe6d]" started-at="2026-01-20T14:23:04 IST" name="login" finished-at="2026-01-20T14:23:04 IST" duration-ms="4" status="PASS">
          <reporter-output>
          </reporter-output>
        </test-method> <!-- login -->
      </class> <!-- MavenArtifact101.LoginTest -->
    </test> <!-- Surefire test -->
  </suite> <!-- Surefire suite -->
</testng-results>
